<?xml version="1.0" encoding="UTF-8"?>
<!-- Generated by org.testng.reporters.JUnitXMLReporter -->
<testsuite ignored="0" hostname="ShashikantYadav-Mac" failures="0" tests="3" name="Test" time="0.143" errors="0" timestamp="2025-10-11T14:03:18 IST">
  <testcase classname="jenkins.JenkinsPracticeTest" name="jenkinsTest" time="0.014"/>
  <testcase classname="maven.MavenPracticeTest" name="mavenTest" time="0.003"/>
  <testcase classname="github.GitHubPracticeTest" name="gitHubTest" time="0.004"/>
</testsuite> <!-- Test -->
