<?xml version="1.0" encoding="UTF-8"?>
<testng-results ignored="0" total="3" passed="3" failed="0" skipped="0">
  <reporter-output>
  </reporter-output>
  <suite started-at="2025-10-11T14:03:18 IST" name="Suite" finished-at="2025-10-11T14:03:18 IST" duration-ms="143">
    <groups>
    </groups>
    <test started-at="2025-10-11T14:03:18 IST" name="Test" finished-at="2025-10-11T14:03:18 IST" duration-ms="143">
      <class name="maven.MavenPracticeTest">
        <test-method signature="mavenTest()[pri:0, instance:maven.MavenPracticeTest@738dc9b]" started-at="2025-10-11T14:03:18 IST" name="mavenTest" finished-at="2025-10-11T14:03:18 IST" duration-ms="3" status="PASS">
          <reporter-output>
          </reporter-output>
        </test-method> <!-- mavenTest -->
      </class> <!-- maven.MavenPracticeTest -->
      <class name="jenkins.JenkinsPracticeTest">
        <test-method signature="jenkinsTest()[pri:0, instance:jenkins.JenkinsPracticeTest@e350b40]" started-at="2025-10-11T14:03:18 IST" name="jenkinsTest" finished-at="2025-10-11T14:03:18 IST" duration-ms="14" status="PASS">
          <reporter-output>
          </reporter-output>
        </test-method> <!-- jenkinsTest -->
      </class> <!-- jenkins.JenkinsPracticeTest -->
      <class name="github.GitHubPracticeTest">
        <test-method signature="gitHubTest()[pri:0, instance:github.GitHubPracticeTest@3c77d488]" started-at="2025-10-11T14:03:18 IST" name="gitHubTest" finished-at="2025-10-11T14:03:18 IST" duration-ms="4" status="PASS">
          <reporter-output>
          </reporter-output>
        </test-method> <!-- gitHubTest -->
      </class> <!-- github.GitHubPracticeTest -->
    </test> <!-- Test -->
  </suite> <!-- Suite -->
</testng-results>
